<?xml version="1.0" encoding="UTF-8"?>
<!-- Generated by org.testng.reporters.JUnitReportReporter -->
<testsuite hostname="Maginthans-MacBook-Pro.local" failures="0" tests="5" name="Test.HttpsRequests" time="3.475" errors="0" timestamp="2024-04-03T21:58:57 IST" skipped="1">
  <testcase classname="Test.HttpsRequests" name="getUsers" time="2.034"/>
  <testcase classname="Test.HttpsRequests" name="createUser" time="0.697"/>
  <testcase classname="Test.HttpsRequests" name="updateUser" time="0.360"/>
  <testcase classname="Test.HttpsRequests" name="deleteUser" time="0.384"/>
  <testcase classname="Test.HttpsRequests" name="putUser">
    <skipped/>
  </testcase> <!-- putUser -->
</testsuite> <!-- Test.HttpsRequests -->
