<?xml version="1.0" encoding="UTF-8"?>
<!-- Generated by org.testng.reporters.JUnitReportReporter -->
<testsuite hostname="Maginthans-MBP" failures="0" tests="4" name="api.test.UserModuleTest" time="12.106" errors="0" timestamp="2024-04-19T19:01:25 IST" skipped="0">
  <testcase classname="api.test.UserModuleTest" name="testPostUser" time="2.391"/>
  <testcase classname="api.test.UserModuleTest" name="testGetUser" time="2.554"/>
  <testcase classname="api.test.UserModuleTest" name="testUpdateUser" time="5.115"/>
  <testcase classname="api.test.UserModuleTest" name="testDeleteUser" time="2.046"/>
</testsuite> <!-- api.test.UserModuleTest -->
