<?xml version="1.0" encoding="UTF-8"?>
<!-- Generated by org.testng.reporters.JUnitReportReporter -->
<testsuite hostname="Maginthans-MBP" failures="0" tests="14" name="api.test.DDUserModuleTest" time="37.368" errors="0" timestamp="2024-04-19T19:01:25 IST" skipped="0">
  <testcase classname="api.test.DDUserModuleTest" name="testPostUser" time="1.951"/>
  <testcase classname="api.test.DDUserModuleTest" name="testPostUser" time="2.557"/>
  <testcase classname="api.test.DDUserModuleTest" name="testPostUser" time="2.965"/>
  <testcase classname="api.test.DDUserModuleTest" name="testPostUser" time="5.511"/>
  <testcase classname="api.test.DDUserModuleTest" name="testPostUser" time="1.900"/>
  <testcase classname="api.test.DDUserModuleTest" name="testPostUser" time="2.277"/>
  <testcase classname="api.test.DDUserModuleTest" name="testPostUser" time="2.840"/>
  <testcase classname="api.test.DDUserModuleTest" name="testDeleteUserByName" time="2.558"/>
  <testcase classname="api.test.DDUserModuleTest" name="testDeleteUserByName" time="2.224"/>
  <testcase classname="api.test.DDUserModuleTest" name="testDeleteUserByName" time="2.250"/>
  <testcase classname="api.test.DDUserModuleTest" name="testDeleteUserByName" time="2.454"/>
  <testcase classname="api.test.DDUserModuleTest" name="testDeleteUserByName" time="2.763"/>
  <testcase classname="api.test.DDUserModuleTest" name="testDeleteUserByName" time="2.558"/>
  <testcase classname="api.test.DDUserModuleTest" name="testDeleteUserByName" time="2.560"/>
</testsuite> <!-- api.test.DDUserModuleTest -->
